2025-05-09 16:28:26.867 [info] [main] Log level: Info
2025-05-09 16:28:26.867 [info] [main] Validating found git in: "git"
2025-05-09 16:28:26.867 [info] [main] Using git "2.49.0" from "git"
2025-05-09 16:28:26.867 [info] [Model][doInitialScan] Initial repository scan started
2025-05-09 16:28:26.867 [info] [Model][doInitialScan] Initial repository scan completed - repositories (0), closed repositories (0), parent repositories (0), unsafe repositories (0)
2025-05-09 16:29:37.151 [info] > git rev-parse --show-toplevel [1ms]
2025-05-09 16:29:37.151 [info] fatal: not a git repository (or any of the parent directories): .git
2025-05-09 16:37:56.373 [info] > git rev-parse --show-toplevel [1ms]
2025-05-09 16:37:56.373 [info] fatal: not a git repository (or any of the parent directories): .git
2025-05-09 16:42:41.036 [info] [main] Log level: Info
2025-05-09 16:42:41.036 [info] [main] Validating found git in: "git"
2025-05-09 16:42:41.036 [info] [main] Using git "2.49.0" from "git"
2025-05-09 16:42:41.036 [info] [Model][doInitialScan] Initial repository scan started
2025-05-09 16:42:41.036 [info] > git rev-parse --show-toplevel [4ms]
2025-05-09 16:42:41.036 [info] fatal: not a git repository (or any of the parent directories): .git
2025-05-09 16:42:41.036 [info] [Model][doInitialScan] Initial repository scan completed - repositories (0), closed repositories (0), parent repositories (0), unsafe repositories (0)
2025-05-09 16:42:42.142 [info] > git rev-parse --show-toplevel [2ms]
2025-05-09 16:42:42.142 [info] fatal: not a git repository (or any of the parent directories): .git
2025-05-09 16:45:48.244 [info] > git rev-parse --show-toplevel [2ms]
2025-05-09 16:45:48.244 [info] fatal: not a git repository (or any of the parent directories): .git
2025-05-09 16:46:49.093 [info] > git rev-parse --show-toplevel [1ms]
2025-05-09 16:46:49.093 [info] fatal: not a git repository (or any of the parent directories): .git
2025-05-09 16:46:50.388 [info] [main] Log level: Info
2025-05-09 16:46:50.388 [info] [main] Validating found git in: "git"
2025-05-09 16:46:50.388 [info] [main] Using git "2.49.0" from "git"
2025-05-09 16:46:50.388 [info] [Model][doInitialScan] Initial repository scan started
2025-05-09 16:46:50.388 [info] > git rev-parse --show-toplevel [3ms]
2025-05-09 16:46:50.388 [info] fatal: not a git repository (or any of the parent directories): .git
2025-05-09 16:46:50.394 [info] > git rev-parse --show-toplevel [1ms]
2025-05-09 16:46:50.394 [info] fatal: not a git repository (or any of the parent directories): .git
2025-05-09 16:46:50.399 [info] > git rev-parse --show-toplevel [1ms]
2025-05-09 16:46:50.399 [info] fatal: not a git repository (or any of the parent directories): .git
2025-05-09 16:46:50.404 [info] > git rev-parse --show-toplevel [1ms]
2025-05-09 16:46:50.404 [info] fatal: not a git repository (or any of the parent directories): .git
2025-05-09 16:46:50.408 [info] > git rev-parse --show-toplevel [1ms]
2025-05-09 16:46:50.408 [info] fatal: not a git repository (or any of the parent directories): .git
2025-05-09 16:46:50.412 [info] > git rev-parse --show-toplevel [0ms]
2025-05-09 16:46:50.412 [info] fatal: not a git repository (or any of the parent directories): .git
2025-05-09 16:46:50.413 [info] [Model][doInitialScan] Initial repository scan completed - repositories (0), closed repositories (0), parent repositories (0), unsafe repositories (0)
2025-05-09 16:46:52.092 [info] > git rev-parse --show-toplevel [1ms]
2025-05-09 16:46:52.092 [info] fatal: not a git repository (or any of the parent directories): .git
2025-05-09 16:47:00.119 [info] > git rev-parse --show-toplevel [1ms]
2025-05-09 16:47:00.119 [info] fatal: not a git repository (or any of the parent directories): .git
2025-05-09 16:47:44.436 [warning] [Model][getRepositoryExact] Failed to get repository realpath for: "/home/fran/Desktop/c++/code.cpp". Error:Error: ENOENT: no such file or directory, realpath '/home/fran/Desktop/c++/code.cpp'
