2025-05-09 16:28:26.424 [info] ComputeTargetPlatform: linux-x64
2025-05-09 16:29:43.587 [info] ComputeTargetPlatform: linux-x64
2025-05-09 16:30:35.439 [info] Getting Manifest... danielpinto8zz6.c-cpp-project-generator
2025-05-09 16:30:36.835 [info] Installing extension: danielpinto8zz6.c-cpp-project-generator {"isMachineScoped":false,"installPreReleaseVersion":false,"pinned":false,"profileLocation":{"$mid":1,"external":"vscode-userdata:/home/fran/.vscode-oss/extensions/extensions.json","path":"/home/fran/.vscode-oss/extensions/extensions.json","scheme":"vscode-userdata"},"isApplicationScoped":false,"productVersion":{"version":"1.100.0","date":"2025-05-08T19:22:17.785Z"}}
2025-05-09 16:30:37.888 [error] Could not load vsce-sign module Cannot find package '@vscode/vsce-sign' imported from /usr/lib/code/out/vs/code/electron-utility/sharedProcess/sharedProcessMain.js
2025-05-09 16:30:37.888 [info] Extension signature verification is not done: danielpinto8zz6.c-cpp-project-generator
2025-05-09 16:30:37.890 [error] Error while installing the extension danielpinto8zz6.c-cpp-project-generator Signature verification was not executed. vscode-userdata:/home/fran/.vscode-oss/extensions/extensions.json
2025-05-09 16:30:37.892 [error] [uncaught exception in sharedProcess]: Signature verification was not executed.: SignatureVerificationInternal: Signature verification was not executed.
    at yh.xb (file:///usr/lib/code/out/vs/code/electron-utility/sharedProcess/sharedProcessMain.js:74:63971)
    at async yh.wb (file:///usr/lib/code/out/vs/code/electron-utility/sharedProcess/sharedProcessMain.js:74:62886)
2025-05-09 16:43:51.815 [info] Getting Manifest... danielpinto8zz6.c-cpp-project-generator
2025-05-09 16:43:53.208 [info] Installing extension: danielpinto8zz6.c-cpp-project-generator {"isMachineScoped":false,"installPreReleaseVersion":false,"pinned":false,"profileLocation":{"$mid":1,"external":"vscode-userdata:/home/fran/.vscode-oss/extensions/extensions.json","path":"/home/fran/.vscode-oss/extensions/extensions.json","scheme":"vscode-userdata"},"isApplicationScoped":false,"productVersion":{"version":"1.100.0","date":"2025-05-08T19:22:17.785Z"}}
2025-05-09 16:43:54.227 [error] Could not load vsce-sign module Cannot find package '@vscode/vsce-sign' imported from /usr/lib/code/out/vs/code/electron-utility/sharedProcess/sharedProcessMain.js
2025-05-09 16:43:54.227 [info] Extension signature verification is not done: danielpinto8zz6.c-cpp-project-generator
2025-05-09 16:43:54.230 [error] Error while installing the extension danielpinto8zz6.c-cpp-project-generator Signature verification was not executed. vscode-userdata:/home/fran/.vscode-oss/extensions/extensions.json
2025-05-09 16:43:54.231 [error] [uncaught exception in sharedProcess]: Signature verification was not executed.: SignatureVerificationInternal: Signature verification was not executed.
    at yh.xb (file:///usr/lib/code/out/vs/code/electron-utility/sharedProcess/sharedProcessMain.js:74:63971)
    at async yh.wb (file:///usr/lib/code/out/vs/code/electron-utility/sharedProcess/sharedProcessMain.js:74:62886)
2025-05-09 16:45:39.288 [info] Getting Manifest... danielpinto8zz6.c-cpp-project-generator
2025-05-09 16:45:40.043 [info] Installing extension: danielpinto8zz6.c-cpp-project-generator {"isMachineScoped":false,"installPreReleaseVersion":false,"pinned":false,"donotVerifySignature":true,"profileLocation":{"$mid":1,"external":"vscode-userdata:/home/fran/.vscode-oss/extensions/extensions.json","path":"/home/fran/.vscode-oss/extensions/extensions.json","scheme":"vscode-userdata"},"isApplicationScoped":false,"productVersion":{"version":"1.100.0","date":"2025-05-08T19:22:17.785Z"}}
2025-05-09 16:45:40.476 [info] Extracted extension to file:///home/fran/.vscode-oss/extensions/danielpinto8zz6.c-cpp-project-generator-1.2.20-universal: danielpinto8zz6.c-cpp-project-generator
2025-05-09 16:45:40.481 [info] Renamed to /home/fran/.vscode-oss/extensions/danielpinto8zz6.c-cpp-project-generator-1.2.20-universal
2025-05-09 16:45:40.490 [info] Extension installed successfully: danielpinto8zz6.c-cpp-project-generator vscode-userdata:/home/fran/.vscode-oss/extensions/extensions.json
