2025-05-09 16:28:26.647 [info] Extension host with pid 2880 started
2025-05-09 16:28:26.744 [info] ExtensionService#_doActivateExtension vscode.git-base, startup: true, activationEvent: '*', root cause: vscode.git
2025-05-09 16:28:26.751 [info] ExtensionService#_doActivateExtension vscode.git, startup: true, activationEvent: '*'
2025-05-09 16:28:26.788 [info] ExtensionService#_doActivateExtension vscode.github, startup: true, activationEvent: '*'
2025-05-09 16:28:26.837 [info] Eager extensions activated
2025-05-09 16:28:26.845 [info] ExtensionService#_doActivateExtension vscode.debug-auto-launch, startup: false, activationEvent: 'onStartupFinished'
2025-05-09 16:28:26.847 [info] ExtensionService#_doActivateExtension vscode.merge-conflict, startup: false, activationEvent: 'onStartupFinished'
2025-05-09 16:29:37.183 [info] ExtensionService#_doActivateExtension vscode.emmet, startup: false, activationEvent: 'onLanguage'
2025-05-09 16:29:37.296 [info] ExtensionService#_doActivateExtension vscode.configuration-editing, startup: false, activationEvent: 'onLanguage:jsonc'
2025-05-09 16:29:37.302 [info] ExtensionService#_doActivateExtension vscode.json-language-features, startup: false, activationEvent: 'onLanguage:jsonc'
2025-05-09 16:29:37.350 [info] ExtensionService#_doActivateExtension vscode.typescript-language-features, startup: false, activationEvent: 'onLanguage:jsonc'
2025-05-09 16:42:37.119 [info] Extension host terminating: renderer closed the MessagePort
2025-05-09 16:42:37.125 [info] Extension host with pid 2880 exiting with code 0
2025-05-09 16:42:37.985 [info] Extension host with pid 4460 started
2025-05-09 16:42:37.985 [info] Skipping acquiring lock for /home/fran/.config/Code - OSS/User/workspaceStorage/a6fb21fdfff36ef0268d5fff8ed8d09b.
2025-05-09 16:42:37.995 [info] ExtensionService#_doActivateExtension vscode.configuration-editing, startup: false, activationEvent: 'onLanguage:jsonc'
2025-05-09 16:42:38.003 [info] ExtensionService#_doActivateExtension vscode.json-language-features, startup: false, activationEvent: 'onLanguage:jsonc'
2025-05-09 16:42:38.046 [info] ExtensionService#_doActivateExtension vscode.typescript-language-features, startup: false, activationEvent: 'onLanguage:jsonc'
2025-05-09 16:42:38.085 [info] ExtensionService#_doActivateExtension vscode.emmet, startup: false, activationEvent: 'onLanguage'
2025-05-09 16:42:38.256 [info] ExtensionService#_doActivateExtension vscode.git-base, startup: true, activationEvent: '*'
2025-05-09 16:42:38.258 [info] ExtensionService#_doActivateExtension vscode.github, startup: true, activationEvent: '*'
2025-05-09 16:42:38.275 [info] Eager extensions activated
2025-05-09 16:42:38.276 [info] ExtensionService#_doActivateExtension vscode.debug-auto-launch, startup: false, activationEvent: 'onStartupFinished'
2025-05-09 16:42:38.278 [info] ExtensionService#_doActivateExtension vscode.merge-conflict, startup: false, activationEvent: 'onStartupFinished'
2025-05-09 16:42:40.961 [info] ExtensionService#_doActivateExtension vscode.git, startup: false, activationEvent: 'api', root cause: vscode.github
2025-05-09 16:46:15.289 [info] ExtensionService#_doActivateExtension danielpinto8zz6.c-cpp-project-generator, startup: false, activationEvent: 'onCommand:extension.createCppProject'
2025-05-09 16:46:49.165 [info] Extension host terminating: renderer closed the MessagePort
2025-05-09 16:46:49.171 [info] Extension host with pid 4460 exiting with code 0
2025-05-09 16:46:49.994 [info] Extension host with pid 4757 started
2025-05-09 16:46:49.994 [info] Skipping acquiring lock for /home/fran/.config/Code - OSS/User/workspaceStorage/0f4707fa95386bc7302ba8c75719b3d1.
2025-05-09 16:46:50.029 [info] ExtensionService#_doActivateExtension vscode.configuration-editing, startup: false, activationEvent: 'onLanguage:jsonc'
2025-05-09 16:46:50.037 [info] ExtensionService#_doActivateExtension vscode.json-language-features, startup: false, activationEvent: 'onLanguage:jsonc'
2025-05-09 16:46:50.077 [info] ExtensionService#_doActivateExtension vscode.typescript-language-features, startup: false, activationEvent: 'onLanguage:jsonc'
2025-05-09 16:46:50.114 [info] ExtensionService#_doActivateExtension vscode.emmet, startup: false, activationEvent: 'onLanguage'
2025-05-09 16:46:50.282 [info] ExtensionService#_doActivateExtension vscode.git-base, startup: true, activationEvent: '*', root cause: vscode.git
2025-05-09 16:46:50.286 [info] ExtensionService#_doActivateExtension vscode.git, startup: true, activationEvent: '*'
2025-05-09 16:46:50.316 [info] ExtensionService#_doActivateExtension vscode.github, startup: true, activationEvent: '*'
2025-05-09 16:46:50.357 [info] Eager extensions activated
2025-05-09 16:46:50.369 [info] ExtensionService#_doActivateExtension vscode.debug-auto-launch, startup: false, activationEvent: 'onStartupFinished'
2025-05-09 16:46:50.371 [info] ExtensionService#_doActivateExtension vscode.merge-conflict, startup: false, activationEvent: 'onStartupFinished'
2025-05-09 16:48:06.326 [info] Extension host terminating: renderer closed the MessagePort
2025-05-09 16:48:06.333 [info] Extension host with pid 4757 exiting with code 0
